<?xml version="1.0" encoding="UTF-8"?>
<!-- Generated by org.testng.reporters.JUnitReportReporter -->
<testsuite hostname="Syeds" failures="0" tests="3" name="testRunner.TestRunner" time="0.351" errors="0" timestamp="2021-12-30T16:40:10 IST" skipped="0">
  <testcase classname="testRunner.TestRunner" name="runScenario" time="0.294"/>
  <system-out/>
  <testcase classname="testRunner.TestRunner" name="runScenario" time="0.028"/>
  <system-out/>
  <testcase classname="testRunner.TestRunner" name="runScenario" time="0.029"/>
  <system-out/>
</testsuite> <!-- testRunner.TestRunner -->
