<?xml version="1.0" encoding="UTF-8"?>
<!-- Generated by org.testng.reporters.JUnitReportReporter -->
<testsuite hostname="Syeds" failures="0" tests="3" name="testRunner.MobileTVTestRunner" time="0.242" errors="0" timestamp="2022-01-03T17:46:08 IST" skipped="0">
  <testcase classname="testRunner.MobileTVTestRunner" name="runScenario" time="0.197"/>
  <system-out/>
  <testcase classname="testRunner.MobileTVTestRunner" name="runScenario" time="0.026"/>
  <system-out/>
  <testcase classname="testRunner.MobileTVTestRunner" name="runScenario" time="0.019"/>
  <system-out/>
</testsuite> <!-- testRunner.MobileTVTestRunner -->
