<?xml version="1.0" encoding="UTF-8"?>
<!-- Generated by org.testng.reporters.JUnitReportReporter -->
<testsuite hostname="Syeds" failures="0" tests="3" name="hooksPackage.TestRunnerHook" time="0.240" errors="0" timestamp="2022-01-03T17:44:50 IST" skipped="0">
  <testcase classname="hooksPackage.TestRunnerHook" name="runScenario" time="0.026"/>
  <system-out/>
  <testcase classname="hooksPackage.TestRunnerHook" name="runScenario" time="0.024"/>
  <system-out/>
  <testcase classname="hooksPackage.TestRunnerHook" name="runScenario" time="0.190"/>
  <system-out/>
</testsuite> <!-- hooksPackage.TestRunnerHook -->
